<?xml version="1.0" encoding="UTF-8" ?>
<testsuite errors="0" failures="0" hostname="SpeichMw541" name="AccountTest" skipped="0" tests="8" time="0.061" timestamp="2017-04-24T17:15:34">
  <properties>
    <property name="ant.project.invoked-targets" value="all" />
    <property name="java.runtime.name" value="Java(TM) SE Runtime Environment" />
    <property name="sun.boot.library.path" value="C:\Program Files\Java\jdk1.8.0_112\jre\bin" />
    <property name="java.vm.version" value="25.112-b15" />
    <property name="ant.library.dir" value="C:\Users\MarkSp\.p2\pool\plugins\org.apache.ant_1.9.6.v201510161327\lib" />
    <property name="ant.version" value="Apache Ant(TM) version 1.9.6 compiled on June 29 2015" />
    <property name="ant.java.version" value="1.8" />
    <property name="java.vm.vendor" value="Oracle Corporation" />
    <property name="java.vendor.url" value="http://java.oracle.com/" />
    <property name="path.separator" value=";" />
    <property name="java.vm.name" value="Java HotSpot(TM) 64-Bit Server VM" />
    <property name="file.encoding.pkg" value="sun.io" />
    <property name="user.script" value="" />
    <property name="user.country" value="US" />
    <property name="sun.java.launcher" value="SUN_STANDARD" />
    <property name="sun.os.patch.level" value="Service Pack 1" />
    <property name="java.vm.specification.name" value="Java Virtual Machine Specification" />
    <property name="user.dir" value="C:\Users\MarkSp\workspace\JPetStore" />
    <property name="java.runtime.version" value="1.8.0_112-b15" />
    <property name="src.tests" value="test" />
    <property name="java.awt.graphicsenv" value="sun.awt.Win32GraphicsEnvironment" />
    <property name="basedir" value="C:\Users\MarkSp\workspace\JPetStore" />
    <property name="java.endorsed.dirs" value="C:\Program Files\Java\jdk1.8.0_112\jre\lib\endorsed" />
    <property name="os.arch" value="amd64" />
    <property name="ant.project.default-target" value="build" />
    <property name="java.io.tmpdir" value="C:\Users\MarkSp\AppData\Local\Temp\" />
    <property name="ant.core.lib" value="C:\Users\MarkSp\.p2\pool\plugins\org.apache.ant_1.9.6.v201510161327\lib\ant.jar" />
    <property name="line.separator" value="&#xd;&#xa;" />
    <property name="reports.tests" value="test/reports" />
    <property name="java.vm.specification.vendor" value="Oracle Corporation" />
    <property name="user.variant" value="" />
    <property name="os.name" value="Windows 7" />
    <property name="ant.home" value="C:\Users\MarkSp\.p2\pool\plugins\org.apache.ant_1.9.6.v201510161327" />
    <property name="ant.file.JPetStore" value="C:\Users\MarkSp\workspace\JPetStore\build.xml" />
    <property name="ant.project.name" value="JPetStore" />
    <property name="sun.jnu.encoding" value="Cp1252" />
    <property name="java.library.path" value="C:\Program Files\Java\jdk1.8.0_112\jre\bin;C:\Windows\Sun\Java\bin;C:\Windows\system32;C:\Windows;C:/Program Files/Java/jre1.8.0_121/bin/server;C:/Program Files/Java/jre1.8.0_121/bin;C:/Program Files/Java/jre1.8.0_121/lib/amd64;C:\Program Files\Java\jre1.8.0_121\bin;C:\Program Files (x86)\RSA SecurID Token Common;C:\Windows\system32;C:\Windows;C:\Windows\System32\Wbem;C:\Windows\System32\WindowsPowerShell\v1.0\;C:\Program Files (x86)\Enterprise Vault\EVClient\x64\;C:\Program Files\Intel\WiFi\bin\;C:\Program Files\Common Files\Intel\WirelessCommon\;C:\Program Files (x86)\Sennheiser\SoftphoneSDK\;C:\Program Files (x86)\Bitvise SSH Client;C:\Program Files (x86)\PuTTY\;C:\Program Files (x86)\Groovy\Groovy-2.4.9\bin;C:\Program Files\Git\cmd;C:\Program Files\Puppet Labs\Puppet\bin;C:\HashiCorp\Vagrant\bin;C:\Program Files (x86)\Skype\Phone\;C:\Program Files\Intel\WiFi\bin\;C:\Program Files\Common Files\Intel\WirelessCommon\;C:\Program Files\Docker Toolbox;C:\Users\MarkSp\AppData\Local\atom\bin;C:\Users\MarkSp\AppData\Local\Box\Box Edit\;C:\Users\MarkSp\eclipse\java-neon\eclipse;;." />
    <property name="java.class.version" value="52.0" />
    <property name="java.specification.name" value="Java Platform API Specification" />
    <property name="lib.dir" value="WEB-INF/lib" />
    <property name="sun.management.compiler" value="HotSpot 64-Bit Tiered Compilers" />
    <property name="os.version" value="6.1" />
    <property name="ant.file" value="C:\Users\MarkSp\workspace\JPetStore\build.xml" />
    <property name="user.home" value="C:\Users\MarkSp" />
    <property name="user.timezone" value="" />
    <property name="java.awt.printerjob" value="sun.awt.windows.WPrinterJob" />
    <property name="java.specification.version" value="1.8" />
    <property name="file.encoding" value="Cp1252" />
    <property name="java.class.path" value="C:\Users\MarkSp\workspace\JPetStore\bin;C:\Users\MarkSp\workspace\JPetStore\WEB-INF\lib\JPetStore.jar;C:\Users\MarkSp\workspace\JPetStore\WEB-INF\lib\commons-beanutils.jar;C:\Users\MarkSp\workspace\JPetStore\WEB-INF\lib\commons-collections.jar;C:\Users\MarkSp\workspace\JPetStore\WEB-INF\lib\commons-digester.jar;C:\Users\MarkSp\workspace\JPetStore\WEB-INF\lib\commons-fileupload.jar;C:\Users\MarkSp\workspace\JPetStore\WEB-INF\lib\commons-lang.jar;C:\Users\MarkSp\workspace\JPetStore\WEB-INF\lib\commons-logging.jar;C:\Users\MarkSp\workspace\JPetStore\WEB-INF\lib\commons-validator.jar;C:\Users\MarkSp\workspace\JPetStore\WEB-INF\lib\ibatis-common-2.jar;C:\Users\MarkSp\workspace\JPetStore\WEB-INF\lib\ibatis-dao-2.jar;C:\Users\MarkSp\workspace\JPetStore\WEB-INF\lib\ibatis-sqlmap-2.jar;C:\Users\MarkSp\workspace\JPetStore\WEB-INF\lib\jakarta-oro.jar;C:\Users\MarkSp\workspace\JPetStore\WEB-INF\lib\mysql-connector-java-5.0.8-bin.jar;C:\Users\MarkSp\workspace\JPetStore\WEB-INF\lib\struts.jar;C:\Users\MarkSp\workspace\JPetStore\test\lib\hamcrest-core-1.3.jar;C:\Users\MarkSp\workspace\JPetStore\test\lib\junit-4.12.jar;C:\Users\MarkSp\.p2\pool\plugins\org.apache.ant_1.9.6.v201510161327\lib\ant-launcher.jar;C:\Users\MarkSp\.p2\pool\plugins\org.apache.ant_1.9.6.v201510161327\lib\ant.jar;C:\Users\MarkSp\.p2\pool\plugins\org.apache.ant_1.9.6.v201510161327\lib\ant-junit.jar;C:\Users\MarkSp\.p2\pool\plugins\org.apache.ant_1.9.6.v201510161327\lib\ant-junit4.jar" />
    <property name="user.name" value="MarkSp" />
    <property name="java.vm.specification.version" value="1.8" />
    <property name="sun.java.command" value="org.apache.tools.ant.taskdefs.optional.junit.JUnitTestRunner AccountTest skipNonTests=false filtertrace=true haltOnError=false haltOnFailure=true formatter=org.apache.tools.ant.taskdefs.optional.junit.SummaryJUnitResultFormatter showoutput=false outputtoformatters=true logfailedtests=true threadid=0 logtestlistenerevents=false formatter=org.apache.tools.ant.taskdefs.optional.junit.XMLJUnitResultFormatter,C:\Users\MarkSp\workspace\JPetStore\test\reports\TEST-AccountTest.xml crashfile=C:\Users\MarkSp\workspace\JPetStore\junitvmwatcher5179759835993826991.properties propsfile=C:\Users\MarkSp\workspace\JPetStore\junit7960905269450677583.properties" />
    <property name="sun.arch.data.model" value="64" />
    <property name="java.home" value="C:\Program Files\Java\jdk1.8.0_112\jre" />
    <property name="java.specification.vendor" value="Oracle Corporation" />
    <property name="user.language" value="en" />
    <property name="build" value="bin" />
    <property name="awt.toolkit" value="sun.awt.windows.WToolkit" />
    <property name="java.vm.info" value="mixed mode" />
    <property name="java.version" value="1.8.0_112" />
    <property name="java.ext.dirs" value="C:\Program Files\Java\jdk1.8.0_112\jre\lib\ext;C:\Windows\Sun\Java\lib\ext" />
    <property name="sun.boot.class.path" value="C:\Program Files\Java\jdk1.8.0_112\jre\lib\resources.jar;C:\Program Files\Java\jdk1.8.0_112\jre\lib\rt.jar;C:\Program Files\Java\jdk1.8.0_112\jre\lib\sunrsasign.jar;C:\Program Files\Java\jdk1.8.0_112\jre\lib\jsse.jar;C:\Program Files\Java\jdk1.8.0_112\jre\lib\jce.jar;C:\Program Files\Java\jdk1.8.0_112\jre\lib\charsets.jar;C:\Program Files\Java\jdk1.8.0_112\jre\lib\jfr.jar;C:\Program Files\Java\jdk1.8.0_112\jre\classes" />
    <property name="java.vendor" value="Oracle Corporation" />
    <property name="file.separator" value="\" />
    <property name="java.vendor.url.bug" value="http://bugreport.sun.com/bugreport/" />
    <property name="sun.cpu.endian" value="little" />
    <property name="sun.io.unicode.encoding" value="UnicodeLittle" />
    <property name="ant.file.type.JPetStore" value="file" />
    <property name="sun.desktop" value="windows" />
    <property name="test.lib.dir" value="test/lib" />
    <property name="sun.cpu.isalist" value="amd64" />
  </properties>
  <testcase classname="AccountTest" name="test1Test" time="0.001" />
  <testcase classname="AccountTest" name="test2Test" time="0.0" />
  <testcase classname="AccountTest" name="test3Test" time="0.0" />
  <testcase classname="AccountTest" name="test4Test" time="0.001" />
  <testcase classname="AccountTest" name="test5Test" time="0.001" />
  <testcase classname="AccountTest" name="test6Test" time="0.0" />
  <testcase classname="AccountTest" name="test7Test" time="0.0" />
  <testcase classname="AccountTest" name="test8Test" time="0.0" />
  <system-out><![CDATA[]]></system-out>
  <system-err><![CDATA[]]></system-err>
</testsuite>
